[2020-05-22T07:45:10.818] [WARN] access - ::1 - - "GET / HTTP/1.1" 304 - "" "Mozilla/5.0 (Macintosh; Intel Mac OS X 10_15_4) AppleWebKit/537.36 (KHTML, like Gecko) Chrome/81.0.4044.138 Safari/537.36"
[2020-05-22T07:45:10.854] [WARN] access - ::1 - - "GET /stylesheets/style.css HTTP/1.1" 304 - "http://localhost:3000/" "Mozilla/5.0 (Macintosh; Intel Mac OS X 10_15_4) AppleWebKit/537.36 (KHTML, like Gecko) Chrome/81.0.4044.138 Safari/537.36"
[2020-05-22T07:58:08.465] [INFO] access - ::1 - - "GET / HTTP/1.1" 200 283 "" "Mozilla/5.0 (Macintosh; Intel Mac OS X 10_15_4) AppleWebKit/537.36 (KHTML, like Gecko) Chrome/81.0.4044.138 Safari/537.36"
[2020-05-22T07:58:08.515] [ERROR] access - ::1 - - "GET /stylesheets/style.css HTTP/1.1" 404 1033 "http://localhost:3000/" "Mozilla/5.0 (Macintosh; Intel Mac OS X 10_15_4) AppleWebKit/537.36 (KHTML, like Gecko) Chrome/81.0.4044.138 Safari/537.36"
[2020-05-22T07:58:08.518] [INFO] access - ::1 - - "GET /js/vendor/vue.min.js HTTP/1.1" 200 93670 "http://localhost:3000/" "Mozilla/5.0 (Macintosh; Intel Mac OS X 10_15_4) AppleWebKit/537.36 (KHTML, like Gecko) Chrome/81.0.4044.138 Safari/537.36"
[2020-05-22T07:58:13.300] [ERROR] access - ::1 - - "GET /stylesheets/style.css HTTP/1.1" 404 1033 "http://localhost:3000/" "Mozilla/5.0 (Macintosh; Intel Mac OS X 10_15_4) AppleWebKit/537.36 (KHTML, like Gecko) Chrome/81.0.4044.138 Safari/537.36"
[2020-05-22T08:04:20.500] [INFO] access - ::1 - - "GET / HTTP/1.1" 200 351 "" "Mozilla/5.0 (Macintosh; Intel Mac OS X 10_15_4) AppleWebKit/537.36 (KHTML, like Gecko) Chrome/81.0.4044.138 Safari/537.36"
[2020-05-22T08:04:20.571] [ERROR] access - ::1 - - "GET /stylesheets/style.css HTTP/1.1" 404 1033 "http://localhost:3000/" "Mozilla/5.0 (Macintosh; Intel Mac OS X 10_15_4) AppleWebKit/537.36 (KHTML, like Gecko) Chrome/81.0.4044.138 Safari/537.36"
[2020-05-22T08:04:20.574] [ERROR] access - ::1 - - "GET /js/main.js HTTP/1.1" 404 1033 "http://localhost:3000/" "Mozilla/5.0 (Macintosh; Intel Mac OS X 10_15_4) AppleWebKit/537.36 (KHTML, like Gecko) Chrome/81.0.4044.138 Safari/537.36"
[2020-05-22T08:04:38.396] [INFO] access - ::1 - - "GET / HTTP/1.1" 200 344 "" "Mozilla/5.0 (Macintosh; Intel Mac OS X 10_15_4) AppleWebKit/537.36 (KHTML, like Gecko) Chrome/81.0.4044.138 Safari/537.36"
[2020-05-22T08:04:38.464] [INFO] access - ::1 - - "GET /css/style.css HTTP/1.1" 200 111 "http://localhost:3000/" "Mozilla/5.0 (Macintosh; Intel Mac OS X 10_15_4) AppleWebKit/537.36 (KHTML, like Gecko) Chrome/81.0.4044.138 Safari/537.36"
[2020-05-22T08:04:38.468] [INFO] access - ::1 - - "GET /js/index.js HTTP/1.1" 200 21 "http://localhost:3000/" "Mozilla/5.0 (Macintosh; Intel Mac OS X 10_15_4) AppleWebKit/537.36 (KHTML, like Gecko) Chrome/81.0.4044.138 Safari/537.36"
[2020-05-22T08:05:41.777] [INFO] access - ::1 - - "GET / HTTP/1.1" 200 344 "" "Mozilla/5.0 (Macintosh; Intel Mac OS X 10_15_4) AppleWebKit/537.36 (KHTML, like Gecko) Chrome/81.0.4044.138 Safari/537.36"
[2020-05-22T08:05:41.829] [INFO] access - ::1 - - "GET /css/style.css HTTP/1.1" 200 111 "http://localhost:3000/" "Mozilla/5.0 (Macintosh; Intel Mac OS X 10_15_4) AppleWebKit/537.36 (KHTML, like Gecko) Chrome/81.0.4044.138 Safari/537.36"
[2020-05-22T08:05:41.830] [INFO] access - ::1 - - "GET /js/index.js HTTP/1.1" 200 80 "http://localhost:3000/" "Mozilla/5.0 (Macintosh; Intel Mac OS X 10_15_4) AppleWebKit/537.36 (KHTML, like Gecko) Chrome/81.0.4044.138 Safari/537.36"
[2020-05-22T08:05:54.913] [INFO] access - ::1 - - "GET / HTTP/1.1" 200 348 "" "Mozilla/5.0 (Macintosh; Intel Mac OS X 10_15_4) AppleWebKit/537.36 (KHTML, like Gecko) Chrome/81.0.4044.138 Safari/537.36"
[2020-05-22T08:05:54.967] [INFO] access - ::1 - - "GET /css/style.css HTTP/1.1" 200 111 "http://localhost:3000/" "Mozilla/5.0 (Macintosh; Intel Mac OS X 10_15_4) AppleWebKit/537.36 (KHTML, like Gecko) Chrome/81.0.4044.138 Safari/537.36"
[2020-05-22T08:05:54.970] [ERROR] access - ::1 - - "GET /js/index.min.js HTTP/1.1" 404 1033 "http://localhost:3000/" "Mozilla/5.0 (Macintosh; Intel Mac OS X 10_15_4) AppleWebKit/537.36 (KHTML, like Gecko) Chrome/81.0.4044.138 Safari/537.36"
[2020-05-22T08:06:15.748] [INFO] access - ::1 - - "GET / HTTP/1.1" 200 359 "" "Mozilla/5.0 (Macintosh; Intel Mac OS X 10_15_4) AppleWebKit/537.36 (KHTML, like Gecko) Chrome/81.0.4044.138 Safari/537.36"
[2020-05-22T08:06:15.793] [INFO] access - ::1 - - "GET /css/style.css HTTP/1.1" 200 111 "http://localhost:3000/" "Mozilla/5.0 (Macintosh; Intel Mac OS X 10_15_4) AppleWebKit/537.36 (KHTML, like Gecko) Chrome/81.0.4044.138 Safari/537.36"
[2020-05-22T08:06:15.802] [INFO] access - ::1 - - "GET /js/compressed/index.min.js HTTP/1.1" 200 357338 "http://localhost:3000/" "Mozilla/5.0 (Macintosh; Intel Mac OS X 10_15_4) AppleWebKit/537.36 (KHTML, like Gecko) Chrome/81.0.4044.138 Safari/537.36"
[2020-05-22T08:08:23.132] [INFO] access - ::1 - - "GET / HTTP/1.1" 200 344 "" "Mozilla/5.0 (Macintosh; Intel Mac OS X 10_15_4) AppleWebKit/537.36 (KHTML, like Gecko) Chrome/81.0.4044.138 Safari/537.36"
[2020-05-22T08:08:23.188] [INFO] access - ::1 - - "GET /css/style.css HTTP/1.1" 200 111 "http://localhost:3000/" "Mozilla/5.0 (Macintosh; Intel Mac OS X 10_15_4) AppleWebKit/537.36 (KHTML, like Gecko) Chrome/81.0.4044.138 Safari/537.36"
[2020-05-22T08:08:23.196] [INFO] access - ::1 - - "GET /js/compressed/index.min.js HTTP/1.1" 200 357397 "http://localhost:3000/" "Mozilla/5.0 (Macintosh; Intel Mac OS X 10_15_4) AppleWebKit/537.36 (KHTML, like Gecko) Chrome/81.0.4044.138 Safari/537.36"
[2020-05-22T08:08:56.250] [INFO] access - ::1 - - "GET / HTTP/1.1" 200 365 "" "Mozilla/5.0 (Macintosh; Intel Mac OS X 10_15_4) AppleWebKit/537.36 (KHTML, like Gecko) Chrome/81.0.4044.138 Safari/537.36"
[2020-05-22T08:08:56.297] [INFO] access - ::1 - - "GET /css/style.css HTTP/1.1" 200 111 "http://localhost:3000/" "Mozilla/5.0 (Macintosh; Intel Mac OS X 10_15_4) AppleWebKit/537.36 (KHTML, like Gecko) Chrome/81.0.4044.138 Safari/537.36"
[2020-05-22T08:08:56.315] [INFO] access - ::1 - - "GET /js/compressed/index.min.js HTTP/1.1" 200 357397 "http://localhost:3000/" "Mozilla/5.0 (Macintosh; Intel Mac OS X 10_15_4) AppleWebKit/537.36 (KHTML, like Gecko) Chrome/81.0.4044.138 Safari/537.36"
[2020-05-22T08:09:04.998] [INFO] access - ::1 - - "GET / HTTP/1.1" 200 351 "" "Mozilla/5.0 (Macintosh; Intel Mac OS X 10_15_4) AppleWebKit/537.36 (KHTML, like Gecko) Chrome/81.0.4044.138 Safari/537.36"
[2020-05-22T08:09:05.047] [INFO] access - ::1 - - "GET /css/style.css HTTP/1.1" 200 111 "http://localhost:3000/" "Mozilla/5.0 (Macintosh; Intel Mac OS X 10_15_4) AppleWebKit/537.36 (KHTML, like Gecko) Chrome/81.0.4044.138 Safari/537.36"
[2020-05-22T08:09:05.054] [INFO] access - ::1 - - "GET /js/compressed/index.min.js HTTP/1.1" 200 357397 "http://localhost:3000/" "Mozilla/5.0 (Macintosh; Intel Mac OS X 10_15_4) AppleWebKit/537.36 (KHTML, like Gecko) Chrome/81.0.4044.138 Safari/537.36"
[2020-05-22T08:13:00.624] [INFO] access - ::1 - - "GET / HTTP/1.1" 200 344 "" "Mozilla/5.0 (Macintosh; Intel Mac OS X 10_15_4) AppleWebKit/537.36 (KHTML, like Gecko) Chrome/81.0.4044.138 Safari/537.36"
[2020-05-22T08:13:00.672] [INFO] access - ::1 - - "GET /css/style.css HTTP/1.1" 200 111 "http://localhost:3000/" "Mozilla/5.0 (Macintosh; Intel Mac OS X 10_15_4) AppleWebKit/537.36 (KHTML, like Gecko) Chrome/81.0.4044.138 Safari/537.36"
[2020-05-22T08:13:00.679] [INFO] access - ::1 - - "GET /js/compressed/index.min.js HTTP/1.1" 200 357397 "http://localhost:3000/" "Mozilla/5.0 (Macintosh; Intel Mac OS X 10_15_4) AppleWebKit/537.36 (KHTML, like Gecko) Chrome/81.0.4044.138 Safari/537.36"
[2020-05-22T08:13:31.312] [INFO] access - ::1 - - "GET / HTTP/1.1" 200 344 "" "Mozilla/5.0 (Macintosh; Intel Mac OS X 10_15_4) AppleWebKit/537.36 (KHTML, like Gecko) Chrome/81.0.4044.138 Safari/537.36"
[2020-05-22T08:13:31.367] [INFO] access - ::1 - - "GET /css/style.css HTTP/1.1" 200 111 "http://localhost:3000/" "Mozilla/5.0 (Macintosh; Intel Mac OS X 10_15_4) AppleWebKit/537.36 (KHTML, like Gecko) Chrome/81.0.4044.138 Safari/537.36"
[2020-05-22T08:13:31.378] [INFO] access - ::1 - - "GET /js/compressed/index.min.js HTTP/1.1" 200 411093 "http://localhost:3000/" "Mozilla/5.0 (Macintosh; Intel Mac OS X 10_15_4) AppleWebKit/537.36 (KHTML, like Gecko) Chrome/81.0.4044.138 Safari/537.36"
[2020-05-22T08:14:32.154] [INFO] access - ::1 - - "GET / HTTP/1.1" 200 344 "" "Mozilla/5.0 (Macintosh; Intel Mac OS X 10_15_4) AppleWebKit/537.36 (KHTML, like Gecko) Chrome/81.0.4044.138 Safari/537.36"
[2020-05-22T08:14:32.200] [INFO] access - ::1 - - "GET /css/style.css HTTP/1.1" 200 111 "http://localhost:3000/" "Mozilla/5.0 (Macintosh; Intel Mac OS X 10_15_4) AppleWebKit/537.36 (KHTML, like Gecko) Chrome/81.0.4044.138 Safari/537.36"
[2020-05-22T08:14:32.203] [INFO] access - ::1 - - "GET /js/compressed/index.min.js HTTP/1.1" 200 162625 "http://localhost:3000/" "Mozilla/5.0 (Macintosh; Intel Mac OS X 10_15_4) AppleWebKit/537.36 (KHTML, like Gecko) Chrome/81.0.4044.138 Safari/537.36"
[2020-05-22T08:14:45.862] [INFO] access - ::1 - - "GET / HTTP/1.1" 200 344 "" "Mozilla/5.0 (Macintosh; Intel Mac OS X 10_15_4) AppleWebKit/537.36 (KHTML, like Gecko) Chrome/81.0.4044.138 Safari/537.36"
[2020-05-22T08:14:45.912] [INFO] access - ::1 - - "GET /css/style.css HTTP/1.1" 200 111 "http://localhost:3000/" "Mozilla/5.0 (Macintosh; Intel Mac OS X 10_15_4) AppleWebKit/537.36 (KHTML, like Gecko) Chrome/81.0.4044.138 Safari/537.36"
[2020-05-22T08:14:45.918] [INFO] access - ::1 - - "GET /js/compressed/index.min.js HTTP/1.1" 200 162625 "http://localhost:3000/" "Mozilla/5.0 (Macintosh; Intel Mac OS X 10_15_4) AppleWebKit/537.36 (KHTML, like Gecko) Chrome/81.0.4044.138 Safari/537.36"
[2020-05-22T08:14:46.882] [INFO] access - ::1 - - "GET / HTTP/1.1" 200 344 "" "Mozilla/5.0 (Macintosh; Intel Mac OS X 10_15_4) AppleWebKit/537.36 (KHTML, like Gecko) Chrome/81.0.4044.138 Safari/537.36"
[2020-05-22T08:14:46.931] [INFO] access - ::1 - - "GET /css/style.css HTTP/1.1" 200 111 "http://localhost:3000/" "Mozilla/5.0 (Macintosh; Intel Mac OS X 10_15_4) AppleWebKit/537.36 (KHTML, like Gecko) Chrome/81.0.4044.138 Safari/537.36"
[2020-05-22T08:14:46.933] [INFO] access - ::1 - - "GET /js/compressed/index.min.js HTTP/1.1" 200 162625 "http://localhost:3000/" "Mozilla/5.0 (Macintosh; Intel Mac OS X 10_15_4) AppleWebKit/537.36 (KHTML, like Gecko) Chrome/81.0.4044.138 Safari/537.36"
[2020-05-22T08:14:47.921] [INFO] access - ::1 - - "GET / HTTP/1.1" 200 344 "" "Mozilla/5.0 (Macintosh; Intel Mac OS X 10_15_4) AppleWebKit/537.36 (KHTML, like Gecko) Chrome/81.0.4044.138 Safari/537.36"
[2020-05-22T08:14:47.970] [INFO] access - ::1 - - "GET /css/style.css HTTP/1.1" 200 111 "http://localhost:3000/" "Mozilla/5.0 (Macintosh; Intel Mac OS X 10_15_4) AppleWebKit/537.36 (KHTML, like Gecko) Chrome/81.0.4044.138 Safari/537.36"
[2020-05-22T08:14:47.973] [INFO] access - ::1 - - "GET /js/compressed/index.min.js HTTP/1.1" 200 162625 "http://localhost:3000/" "Mozilla/5.0 (Macintosh; Intel Mac OS X 10_15_4) AppleWebKit/537.36 (KHTML, like Gecko) Chrome/81.0.4044.138 Safari/537.36"
